2017-11-02 15:37:13,813 pool-1-thread-1 INFO  utils.Log - ==================================firefox
2017-11-02 15:37:13,813 pool-1-thread-2 INFO  utils.Log - ==================================firefox
2017-11-02 15:37:13,813 pool-1-thread-1 INFO  utils.Log - Windows 10
2017-11-02 15:37:13,813 pool-1-thread-2 INFO  utils.Log - Windows 10
2017-11-02 15:37:45,183 pool-1-thread-2 INFO  utils.Log - ==================================firefox
2017-11-02 15:37:45,183 pool-1-thread-2 INFO  utils.Log - Windows 10
2017-11-02 15:38:21,146 pool-1-thread-1 INFO  utils.Log - ==================================firefox
2017-11-02 15:38:21,146 pool-1-thread-1 INFO  utils.Log - Windows 10
2017-11-02 15:38:21,548 pool-1-thread-2 ERROR utils.Log - No Matching browser found
org.openqa.selenium.WebDriverException: Failed to decode response from marionette
Build info: version: '3.0.1', revision: '1969d75', time: '2016-10-18 09:49:13 -0700'
System info: host: 'EPINHYDW1314', ip: '192.168.56.1', os.name: 'Windows 10', os.arch: 'amd64', os.version: '10.0', java.version: '1.8.0_121'
Driver info: org.openqa.selenium.firefox.FirefoxDriver
Capabilities [{moz:profile=C:\Users\RAJKUM~1\AppData\Local\Temp\rust_mozprofile.xt2PKNAR5kVI, rotatable=false, timeouts={implicit=0, page load=300000, script=30000}, pageLoadStrategy=normal, platform=ANY, specificationLevel=0, moz:accessibilityChecks=false, acceptInsecureCerts=false, browserVersion=52.0, platformVersion=10.0, moz:processID=10432, browserName=firefox, platformName=windows_nt}]
Session ID: 6392cf4d-da7b-4556-aa29-eecaba8c20a3
	at sun.reflect.NativeConstructorAccessorImpl.newInstance0(Native Method) ~[?:1.8.0_121]
	at sun.reflect.NativeConstructorAccessorImpl.newInstance(NativeConstructorAccessorImpl.java:62) ~[?:1.8.0_121]
	at sun.reflect.DelegatingConstructorAccessorImpl.newInstance(DelegatingConstructorAccessorImpl.java:45) ~[?:1.8.0_121]
	at java.lang.reflect.Constructor.newInstance(Constructor.java:423) ~[?:1.8.0_121]
	at org.openqa.selenium.remote.http.W3CHttpResponseCodec.createException(W3CHttpResponseCodec.java:127) ~[selenium-remote-driver-3.0.1.jar:?]
	at org.openqa.selenium.remote.http.W3CHttpResponseCodec.decode(W3CHttpResponseCodec.java:93) ~[selenium-remote-driver-3.0.1.jar:?]
	at org.openqa.selenium.remote.http.W3CHttpResponseCodec.decode(W3CHttpResponseCodec.java:42) ~[selenium-remote-driver-3.0.1.jar:?]
	at org.openqa.selenium.remote.HttpCommandExecutor.execute(HttpCommandExecutor.java:163) ~[selenium-remote-driver-3.0.1.jar:?]
	at org.openqa.selenium.remote.service.DriverCommandExecutor.execute(DriverCommandExecutor.java:82) ~[selenium-remote-driver-3.0.1.jar:?]
	at org.openqa.selenium.remote.RemoteWebDriver.execute(RemoteWebDriver.java:601) ~[selenium-remote-driver-3.0.1.jar:?]
	at org.openqa.selenium.remote.RemoteWebDriver.execute(RemoteWebDriver.java:658) ~[selenium-remote-driver-3.0.1.jar:?]
	at org.openqa.selenium.remote.RemoteWebDriver$RemoteWebDriverOptions$RemoteWindow.maximize(RemoteWebDriver.java:882) ~[selenium-remote-driver-3.0.1.jar:?]
	at com.myjava.utils.LocalBrowserManager.initializeDriver(LocalBrowserManager.java:65) [classes/:?]
	at com.myjava.test.NewTest.f2(NewTest.java:38) [classes/:?]
	at sun.reflect.NativeMethodAccessorImpl.invoke0(Native Method) ~[?:1.8.0_121]
	at sun.reflect.NativeMethodAccessorImpl.invoke(NativeMethodAccessorImpl.java:62) ~[?:1.8.0_121]
	at sun.reflect.DelegatingMethodAccessorImpl.invoke(DelegatingMethodAccessorImpl.java:43) ~[?:1.8.0_121]
	at java.lang.reflect.Method.invoke(Method.java:498) ~[?:1.8.0_121]
	at org.testng.internal.MethodInvocationHelper.invokeMethod(MethodInvocationHelper.java:86) [testng-6.9.10.jar:?]
	at org.testng.internal.Invoker.invokeMethod(Invoker.java:643) [testng-6.9.10.jar:?]
	at org.testng.internal.Invoker.invokeTestMethod(Invoker.java:820) [testng-6.9.10.jar:?]
	at org.testng.internal.Invoker.invokeTestMethods(Invoker.java:1128) [testng-6.9.10.jar:?]
	at org.testng.internal.TestMethodWorker.invokeTestMethods(TestMethodWorker.java:129) [testng-6.9.10.jar:?]
	at org.testng.internal.TestMethodWorker.run(TestMethodWorker.java:112) [testng-6.9.10.jar:?]
	at java.util.concurrent.ThreadPoolExecutor.runWorker(ThreadPoolExecutor.java:1142) [?:1.8.0_121]
	at java.util.concurrent.ThreadPoolExecutor$Worker.run(ThreadPoolExecutor.java:617) [?:1.8.0_121]
	at java.lang.Thread.run(Thread.java:745) [?:1.8.0_121]
